TN:test
SF:/workspaces/cpp/projects/C5_s21_decimal-1/src/tests/suite_is_greater.c
FN:5,s21_is_greater_test_1a_fn
FNDA:1,s21_is_greater_test_1a_fn
FN:12,s21_is_greater_test_2a_fn
FNDA:1,s21_is_greater_test_2a_fn
FN:21,s21_is_greater_test_2_1a_fn
FNDA:1,s21_is_greater_test_2_1a_fn
FN:28,s21_is_greater_test_3a_fn
FNDA:1,s21_is_greater_test_3a_fn
FN:35,s21_is_greater_test_4a_fn
FNDA:1,s21_is_greater_test_4a_fn
FN:42,s21_is_greater_test_4_1a_fn
FNDA:1,s21_is_greater_test_4_1a_fn
FN:49,s21_is_greater_test_5a_fn
FNDA:1,s21_is_greater_test_5a_fn
FN:56,s21_is_greater_test_5_1a_fn
FNDA:1,s21_is_greater_test_5_1a_fn
FN:63,s21_is_greater_test_6a_fn
FNDA:1,s21_is_greater_test_6a_fn
FN:70,s21_is_greater_test_7a_fn
FNDA:1,s21_is_greater_test_7a_fn
FN:77,s21_is_greater_test_8a_fn
FNDA:1,s21_is_greater_test_8a_fn
FN:84,s21_is_greater_test_9a_fn
FNDA:1,s21_is_greater_test_9a_fn
FN:91,s21_is_greater_test_10a_fn
FNDA:1,s21_is_greater_test_10a_fn
FN:208,s21_is_greater_test_11b_fn
FNDA:1,s21_is_greater_test_11b_fn
FN:237,s21_is_greater_test_1_fn
FNDA:1,s21_is_greater_test_1_fn
FN:257,s21_is_greater_test_2_fn
FNDA:1,s21_is_greater_test_2_fn
FN:277,s21_is_greater_test_3_fn
FNDA:1,s21_is_greater_test_3_fn
FN:297,s21_is_greater_test_4_fn
FNDA:1,s21_is_greater_test_4_fn
FN:317,s21_is_greater_test_5_fn
FNDA:1,s21_is_greater_test_5_fn
FN:337,s21_is_greater_test_6_fn
FNDA:1,s21_is_greater_test_6_fn
FN:357,s21_is_greater_test_7_fn
FNDA:1,s21_is_greater_test_7_fn
FN:377,s21_is_greater_test_8_fn
FNDA:2,s21_is_greater_test_8_fn
FN:397,s21_is_greater_test_9_fn
FNDA:1,s21_is_greater_test_9_fn
FN:417,s21_is_greater_test_10_fn
FNDA:1,s21_is_greater_test_10_fn
FN:437,s21_is_greater_test_11_fn
FNDA:1,s21_is_greater_test_11_fn
FN:457,s21_is_greater_test_12_fn
FNDA:1,s21_is_greater_test_12_fn
FN:477,s21_is_greater_test_13_fn
FNDA:1,s21_is_greater_test_13_fn
FN:497,s21_is_greater_test_14_fn
FNDA:1,s21_is_greater_test_14_fn
FN:517,s21_is_greater_test_15_fn
FNDA:1,s21_is_greater_test_15_fn
FN:537,s21_is_greater_test_16_fn
FNDA:1,s21_is_greater_test_16_fn
FN:557,s21_is_greater_test_17_fn
FNDA:1,s21_is_greater_test_17_fn
FN:577,s21_is_greater_test_18_fn
FNDA:1,s21_is_greater_test_18_fn
FN:597,s21_is_greater_test_19_fn
FNDA:1,s21_is_greater_test_19_fn
FN:617,s21_is_greater_test_20_fn
FNDA:1,s21_is_greater_test_20_fn
FN:637,s21_is_greater_test_21_fn
FNDA:1,s21_is_greater_test_21_fn
FN:657,s21_is_greater_test_22_fn
FNDA:1,s21_is_greater_test_22_fn
FN:677,s21_is_greater_test_23_fn
FNDA:1,s21_is_greater_test_23_fn
FN:697,s21_is_greater_test_24_fn
FNDA:1,s21_is_greater_test_24_fn
FN:717,s21_is_greater_test_25_fn
FNDA:1,s21_is_greater_test_25_fn
FN:737,s21_is_greater_test_26_fn
FNDA:1,s21_is_greater_test_26_fn
FN:757,s21_is_greater_test_27_fn
FNDA:1,s21_is_greater_test_27_fn
FN:777,s21_is_greater_test_28_fn
FNDA:1,s21_is_greater_test_28_fn
FN:797,s21_is_greater_test_29_fn
FNDA:1,s21_is_greater_test_29_fn
FN:817,s21_is_greater_test_30_fn
FNDA:1,s21_is_greater_test_30_fn
FN:837,s21_is_greater_test_31_fn
FNDA:1,s21_is_greater_test_31_fn
FN:861,s21_is_greater_test_32_fn
FNDA:1,s21_is_greater_test_32_fn
FN:881,s21_is_greater_test_33_fn
FNDA:1,s21_is_greater_test_33_fn
FN:901,s21_is_greater_test_34_fn
FNDA:1,s21_is_greater_test_34_fn
FN:925,s21_is_greater_test_35_fn
FNDA:1,s21_is_greater_test_35_fn
FN:945,s21_is_greater_test_36_fn
FNDA:1,s21_is_greater_test_36_fn
FN:965,suite_is_greater
FNDA:1,suite_is_greater
DA:5,1
DA:6,1
DA:7,1
DA:8,1
DA:9,1
DA:12,1
DA:13,1
DA:14,1
DA:15,1
DA:17,1
DA:18,0
DA:21,1
DA:22,1
DA:23,1
DA:24,1
DA:25,1
DA:28,1
DA:29,1
DA:30,1
DA:31,1
DA:32,1
DA:35,1
DA:36,1
DA:37,1
DA:38,1
DA:39,1
DA:42,1
DA:43,1
DA:44,1
DA:45,1
DA:46,1
DA:49,1
DA:50,1
DA:51,1
DA:52,1
DA:53,1
DA:56,1
DA:57,1
DA:58,1
DA:59,1
DA:60,1
DA:63,1
DA:64,1
DA:65,1
DA:66,1
DA:67,1
DA:70,1
DA:71,1
DA:72,1
DA:73,1
DA:74,0
DA:77,1
DA:78,1
DA:79,1
DA:80,1
DA:81,1
DA:84,1
DA:85,1
DA:86,1
DA:87,1
DA:88,1
DA:91,1
DA:92,1
DA:93,1
DA:94,1
DA:95,0
DA:208,1
DA:209,1
DA:211,1
DA:213,1
DA:214,1
DA:216,1
DA:218,1
DA:220,1
DA:222,1
DA:224,1
DA:226,1
DA:228,0
DA:230,0
DA:232,0
DA:233,0
DA:234,0
DA:237,1
DA:243,1
DA:244,1
DA:245,1
DA:246,1
DA:247,1
DA:248,1
DA:249,1
DA:250,1
DA:251,1
DA:252,1
DA:253,1
DA:254,1
DA:257,1
DA:263,1
DA:264,1
DA:265,1
DA:266,1
DA:267,1
DA:268,1
DA:269,1
DA:270,1
DA:271,1
DA:272,1
DA:273,1
DA:274,1
DA:277,1
DA:283,1
DA:284,1
DA:285,1
DA:286,1
DA:287,1
DA:288,1
DA:289,1
DA:290,1
DA:291,1
DA:292,1
DA:293,1
DA:294,1
DA:297,1
DA:303,1
DA:304,1
DA:305,1
DA:306,1
DA:307,1
DA:308,1
DA:309,1
DA:310,1
DA:311,1
DA:312,1
DA:313,1
DA:314,1
DA:317,1
DA:323,1
DA:324,1
DA:325,1
DA:326,1
DA:327,1
DA:328,1
DA:329,1
DA:330,1
DA:331,1
DA:332,1
DA:333,1
DA:334,1
DA:337,1
DA:343,1
DA:344,1
DA:345,1
DA:346,1
DA:347,1
DA:348,1
DA:349,1
DA:350,1
DA:351,1
DA:352,1
DA:353,1
DA:354,1
DA:357,1
DA:363,1
DA:364,1
DA:365,1
DA:366,1
DA:367,1
DA:368,1
DA:369,1
DA:370,1
DA:371,1
DA:372,1
DA:373,1
DA:374,1
DA:377,2
DA:383,2
DA:384,2
DA:385,2
DA:386,2
DA:387,2
DA:388,2
DA:389,2
DA:390,2
DA:391,2
DA:392,2
DA:393,2
DA:394,2
DA:397,1
DA:403,1
DA:404,1
DA:405,1
DA:406,1
DA:407,1
DA:408,1
DA:409,1
DA:410,1
DA:411,1
DA:412,1
DA:413,1
DA:414,1
DA:417,1
DA:423,1
DA:424,1
DA:425,1
DA:426,1
DA:427,1
DA:428,1
DA:429,1
DA:430,1
DA:431,1
DA:432,1
DA:433,1
DA:434,1
DA:437,1
DA:443,1
DA:444,1
DA:445,1
DA:446,1
DA:447,1
DA:448,1
DA:449,1
DA:450,1
DA:451,1
DA:452,1
DA:453,1
DA:454,1
DA:457,1
DA:463,1
DA:464,1
DA:465,1
DA:466,1
DA:467,1
DA:468,1
DA:469,1
DA:470,1
DA:471,1
DA:472,1
DA:473,1
DA:474,1
DA:477,1
DA:483,1
DA:484,1
DA:485,1
DA:486,1
DA:487,1
DA:488,1
DA:489,1
DA:490,1
DA:491,1
DA:492,1
DA:493,1
DA:494,0
DA:497,1
DA:503,1
DA:504,1
DA:505,1
DA:506,1
DA:507,1
DA:508,1
DA:509,1
DA:510,1
DA:511,1
DA:512,1
DA:513,1
DA:514,0
DA:517,1
DA:523,1
DA:524,1
DA:525,1
DA:526,1
DA:527,1
DA:528,1
DA:529,1
DA:530,1
DA:531,1
DA:532,1
DA:533,1
DA:534,1
DA:537,1
DA:543,1
DA:544,1
DA:545,1
DA:546,1
DA:547,1
DA:548,1
DA:549,1
DA:550,1
DA:551,1
DA:552,1
DA:553,1
DA:554,1
DA:557,1
DA:563,1
DA:564,1
DA:565,1
DA:566,1
DA:567,1
DA:568,1
DA:569,1
DA:570,1
DA:571,1
DA:572,1
DA:573,1
DA:574,1
DA:577,1
DA:583,1
DA:584,1
DA:585,1
DA:586,1
DA:587,1
DA:588,1
DA:589,1
DA:590,1
DA:591,1
DA:592,1
DA:593,1
DA:594,1
DA:597,1
DA:603,1
DA:604,1
DA:605,1
DA:606,1
DA:607,1
DA:608,1
DA:609,1
DA:610,1
DA:611,1
DA:612,1
DA:613,1
DA:614,1
DA:617,1
DA:623,1
DA:624,1
DA:625,1
DA:626,1
DA:627,1
DA:628,1
DA:629,1
DA:630,1
DA:631,1
DA:632,1
DA:633,1
DA:634,1
DA:637,1
DA:643,1
DA:644,1
DA:645,1
DA:646,1
DA:647,1
DA:648,1
DA:649,1
DA:650,1
DA:651,1
DA:652,1
DA:653,1
DA:654,1
DA:657,1
DA:663,1
DA:664,1
DA:665,1
DA:666,1
DA:667,1
DA:668,1
DA:669,1
DA:670,1
DA:671,1
DA:672,1
DA:673,1
DA:674,1
DA:677,1
DA:683,1
DA:684,1
DA:685,1
DA:686,1
DA:687,1
DA:688,1
DA:689,1
DA:690,1
DA:691,1
DA:692,1
DA:693,1
DA:694,1
DA:697,1
DA:703,1
DA:704,1
DA:705,1
DA:706,1
DA:707,1
DA:708,1
DA:709,1
DA:710,1
DA:711,1
DA:712,1
DA:713,1
DA:714,1
DA:717,1
DA:723,1
DA:724,1
DA:725,1
DA:726,1
DA:727,1
DA:728,1
DA:729,1
DA:730,1
DA:731,1
DA:732,1
DA:733,1
DA:734,1
DA:737,1
DA:743,1
DA:744,1
DA:745,1
DA:746,1
DA:747,1
DA:748,1
DA:749,1
DA:750,1
DA:751,1
DA:752,1
DA:753,1
DA:754,1
DA:757,1
DA:763,1
DA:764,1
DA:765,1
DA:766,1
DA:767,1
DA:768,1
DA:769,1
DA:770,1
DA:771,1
DA:772,1
DA:773,1
DA:774,1
DA:777,1
DA:783,1
DA:784,1
DA:785,1
DA:786,1
DA:787,1
DA:788,1
DA:789,1
DA:790,1
DA:791,1
DA:792,1
DA:793,1
DA:794,1
DA:797,1
DA:803,1
DA:804,1
DA:805,1
DA:806,1
DA:807,1
DA:808,1
DA:809,1
DA:810,1
DA:811,1
DA:812,1
DA:813,1
DA:814,0
DA:817,1
DA:823,1
DA:824,1
DA:825,1
DA:826,1
DA:827,1
DA:828,1
DA:829,1
DA:830,1
DA:831,1
DA:832,1
DA:833,1
DA:834,1
DA:837,1
DA:843,1
DA:844,1
DA:845,1
DA:846,1
DA:847,1
DA:848,1
DA:849,1
DA:850,1
DA:851,1
DA:852,1
DA:857,1
DA:858,1
DA:861,1
DA:867,1
DA:868,1
DA:869,1
DA:870,1
DA:871,1
DA:872,1
DA:873,1
DA:874,1
DA:875,1
DA:876,1
DA:877,1
DA:878,1
DA:881,1
DA:887,1
DA:888,1
DA:889,1
DA:890,1
DA:891,1
DA:892,1
DA:893,1
DA:894,1
DA:895,1
DA:896,1
DA:897,1
DA:898,1
DA:901,1
DA:907,1
DA:908,1
DA:909,1
DA:910,1
DA:911,1
DA:912,1
DA:913,1
DA:914,1
DA:915,1
DA:916,1
DA:921,1
DA:922,1
DA:925,1
DA:931,1
DA:932,1
DA:933,1
DA:934,1
DA:935,1
DA:936,1
DA:937,1
DA:938,1
DA:939,1
DA:940,1
DA:941,1
DA:942,1
DA:945,1
DA:951,1
DA:952,1
DA:953,1
DA:954,1
DA:955,1
DA:956,1
DA:957,1
DA:958,1
DA:959,1
DA:960,1
DA:961,1
DA:962,1
DA:965,1
DA:966,1
DA:967,1
DA:969,1
DA:970,1
DA:971,1
DA:972,1
DA:973,1
DA:974,1
DA:975,1
DA:976,1
DA:977,1
DA:978,1
DA:979,1
DA:980,1
DA:981,1
DA:993,1
DA:995,1
DA:996,1
DA:997,1
DA:998,1
DA:999,1
DA:1000,1
DA:1001,1
DA:1002,1
DA:1003,1
DA:1004,1
DA:1005,1
DA:1006,1
DA:1007,1
DA:1008,1
DA:1009,1
DA:1010,1
DA:1011,1
DA:1012,1
DA:1013,1
DA:1014,1
DA:1015,1
DA:1016,1
DA:1017,1
DA:1018,1
DA:1019,1
DA:1020,1
DA:1021,1
DA:1022,1
DA:1023,1
DA:1024,1
DA:1025,1
DA:1026,1
DA:1027,1
DA:1028,1
DA:1029,1
DA:1030,1
DA:1031,1
DA:1033,1
DA:1034,1
end_of_record
TN:test
SF:/workspaces/cpp/projects/C5_s21_decimal-1/src/tests/unit_tests.c
FN:3,main
FNDA:1,main
FN:13,run_testcase
FNDA:1,run_testcase
DA:3,1
DA:4,1
DA:6,2
DA:7,1
DA:8,1
DA:10,1
DA:13,1
DA:14,1
DA:15,1
DA:16,1
DA:17,1
DA:18,1
end_of_record
