TN:test
SF:/workspaces/cpp/projects/C5_s21_decimal-1/src/tests/suite_is_greater.c
FN:839,s21_is_greater_test_31_fn
FNDA:1,s21_is_greater_test_31_fn
FN:862,s21_is_greater_test_32_fn
FNDA:1,s21_is_greater_test_32_fn
FN:882,s21_is_greater_test_33_fn
FNDA:1,s21_is_greater_test_33_fn
FN:902,s21_is_greater_test_34_fn
FNDA:1,s21_is_greater_test_34_fn
FN:925,s21_is_greater_test_35_fn
FNDA:1,s21_is_greater_test_35_fn
FN:945,s21_is_greater_test_36_fn
FNDA:1,s21_is_greater_test_36_fn
FN:965,suite_is_greater
FNDA:1,suite_is_greater
DA:839,1
DA:845,1
DA:846,1
DA:847,1
DA:848,1
DA:849,1
DA:850,1
DA:851,1
DA:852,1
DA:853,1
DA:854,1
DA:858,1
DA:859,1
DA:862,1
DA:868,1
DA:869,1
DA:870,1
DA:871,1
DA:872,1
DA:873,1
DA:874,1
DA:875,1
DA:876,1
DA:877,1
DA:878,1
DA:879,1
DA:882,1
DA:888,1
DA:889,1
DA:890,1
DA:891,1
DA:892,1
DA:893,1
DA:894,1
DA:895,1
DA:896,1
DA:897,1
DA:898,1
DA:899,1
DA:902,1
DA:908,1
DA:909,1
DA:910,1
DA:911,1
DA:912,1
DA:913,1
DA:914,1
DA:915,1
DA:916,1
DA:917,1
DA:921,1
DA:922,1
DA:925,1
DA:931,1
DA:932,1
DA:933,1
DA:934,1
DA:935,1
DA:936,1
DA:937,1
DA:938,1
DA:939,1
DA:940,1
DA:941,1
DA:942,1
DA:945,1
DA:951,1
DA:952,1
DA:953,1
DA:954,1
DA:955,1
DA:956,1
DA:957,1
DA:958,1
DA:959,1
DA:960,1
DA:961,1
DA:962,1
DA:965,1
DA:966,1
DA:967,1
DA:1026,1
DA:1027,1
DA:1028,1
DA:1029,1
DA:1030,1
DA:1031,1
DA:1033,1
DA:1034,1
end_of_record
TN:test
SF:/workspaces/cpp/projects/C5_s21_decimal-1/src/tests/unit_tests.c
FN:3,main
FNDA:1,main
FN:13,run_testcase
FNDA:1,run_testcase
DA:3,1
DA:4,1
DA:6,2
DA:7,1
DA:8,1
DA:10,1
DA:13,1
DA:14,1
DA:15,1
DA:16,1
DA:17,1
DA:18,1
end_of_record
